<?xml version="1.0" encoding="UTF-8"?>
<!-- Generated by org.testng.reporters.JUnitXMLReporter -->
<testsuite ignored="0" hostname="DESKTOP-K2V67A8" failures="0" tests="7" name="Test1" time="26.829" errors="0" timestamp="2023-11-16T22:30:39 GMT-08:00">
  <testcase classname="com.testframework.qa.testcases.MyAccountPageTest" name="verifyMyAccountPageTitleTest" time="0.039"/>
  <testcase classname="com.testframework.qa.testcases.WhatsNewPageTest" name="verifyWhatsNewPageTitleTest" time="0.033"/>
  <testcase classname="com.testframework.qa.testcases.WhatsNewPageTest" name="verifyWhatsNewPageTitleTest2" time="0.03"/>
  <testcase classname="com.testframework.qa.testcases.WhatsNewPageTest" name="verifyWhatsNewPageTitleTest3" time="0.007"/>
  <testcase classname="com.testframework.qa.testcases.WomenPageTest" name="verifyWhatsNewPageTitleTest" time="0.03"/>
  <testcase classname="com.testframework.qa.testcases.WomenPageTest" name="verifyWhatsNewPageTitleTest2" time="0.008"/>
  <testcase classname="com.testframework.qa.testcases.WomenPageTest" name="verifyWhatsNewPageTitleTest3" time="0.03"/>
</testsuite> <!-- Test1 -->
