<?xml version="1.0" encoding="UTF-8"?>
<!-- Generated by org.testng.reporters.JUnitXMLReporter -->
<testsuite ignored="0" hostname="DESKTOP-K2V67A8" failures="1" tests="6" name="Test" time="2.041" errors="0" timestamp="2023-11-02T22:55:13 GMT-07:00">
  <testcase classname="listeners.TestNgListenerDemo" name="test1" time="0.012"/>
  <testcase classname="listeners.TestNgListenerDemo" name="test2" time="1.97"/>
  <testcase classname="listeners.TestNgListenerDemo" name="test3" time="0.001">
    <skipped/>
  </testcase> <!-- test3 -->
  <testcase classname="listeners.TestNgListenerDemo2" name="test4" time="0.001"/>
  <testcase classname="listeners.TestNgListenerDemo2" name="test5" time="0.004">
    <failure type="java.lang.AssertionError">
      <![CDATA[java.lang.AssertionError
at org.junit.Assert.fail(Assert.java:86)
at org.junit.Assert.assertTrue(Assert.java:41)
at org.junit.Assert.assertTrue(Assert.java:52)
at listeners.TestNgListenerDemo2.test5(TestNgListenerDemo2.java:19)
at java.base/java.util.ArrayList.forEach(ArrayList.java:1511)
... Removed 25 stack frames]]>
    </failure>
  </testcase> <!-- test5 -->
  <testcase classname="listeners.TestNgListenerDemo2" name="test6" time="0.001">
    <skipped/>
  </testcase> <!-- test6 -->
</testsuite> <!-- Test -->
