<?xml version="1.0" encoding="UTF-8"?>
<testng-results ignored="0" total="7" passed="7" failed="0" skipped="0">
  <reporter-output>
  </reporter-output>
  <suite started-at="2023-11-16T22:30:12 GMT-08:00" name="Selenium Automation suite 1" finished-at="2023-11-16T22:30:39 GMT-08:00" duration-ms="26829">
    <groups>
    </groups>
    <test started-at="2023-11-16T22:30:12 GMT-08:00" name="Test1" finished-at="2023-11-16T22:30:39 GMT-08:00" duration-ms="26829">
      <class name="com.testframework.qa.testcases.WhatsNewPageTest">
        <test-method is-config="true" signature="setUp()[pri:0, instance:com.testframework.qa.testcases.WhatsNewPageTest@7161d8d1]" started-at="2023-11-16T22:30:16 GMT-08:00" name="setUp" finished-at="2023-11-16T22:30:19 GMT-08:00" duration-ms="3517" status="PASS">
          <reporter-output>
          </reporter-output>
        </test-method> <!-- setUp -->
        <test-method signature="verifyWhatsNewPageTitleTest()[pri:0, instance:com.testframework.qa.testcases.WhatsNewPageTest@7161d8d1]" started-at="2023-11-16T22:30:19 GMT-08:00" name="verifyWhatsNewPageTitleTest" finished-at="2023-11-16T22:30:19 GMT-08:00" duration-ms="33" status="PASS">
          <reporter-output>
          </reporter-output>
        </test-method> <!-- verifyWhatsNewPageTitleTest -->
        <test-method is-config="true" signature="tearDown()[pri:0, instance:com.testframework.qa.testcases.WhatsNewPageTest@7161d8d1]" started-at="2023-11-16T22:30:19 GMT-08:00" name="tearDown" finished-at="2023-11-16T22:30:20 GMT-08:00" duration-ms="105" status="PASS">
          <reporter-output>
          </reporter-output>
        </test-method> <!-- tearDown -->
        <test-method is-config="true" signature="setUp()[pri:0, instance:com.testframework.qa.testcases.WhatsNewPageTest@7161d8d1]" started-at="2023-11-16T22:30:20 GMT-08:00" name="setUp" finished-at="2023-11-16T22:30:23 GMT-08:00" duration-ms="3630" status="PASS">
          <reporter-output>
          </reporter-output>
        </test-method> <!-- setUp -->
        <test-method signature="verifyWhatsNewPageTitleTest2()[pri:0, instance:com.testframework.qa.testcases.WhatsNewPageTest@7161d8d1]" started-at="2023-11-16T22:30:23 GMT-08:00" name="verifyWhatsNewPageTitleTest2" finished-at="2023-11-16T22:30:23 GMT-08:00" duration-ms="30" status="PASS">
          <reporter-output>
          </reporter-output>
        </test-method> <!-- verifyWhatsNewPageTitleTest2 -->
        <test-method is-config="true" signature="tearDown()[pri:0, instance:com.testframework.qa.testcases.WhatsNewPageTest@7161d8d1]" started-at="2023-11-16T22:30:23 GMT-08:00" name="tearDown" finished-at="2023-11-16T22:30:23 GMT-08:00" duration-ms="102" status="PASS">
          <reporter-output>
          </reporter-output>
        </test-method> <!-- tearDown -->
        <test-method is-config="true" signature="setUp()[pri:0, instance:com.testframework.qa.testcases.WhatsNewPageTest@7161d8d1]" started-at="2023-11-16T22:30:23 GMT-08:00" name="setUp" finished-at="2023-11-16T22:30:27 GMT-08:00" duration-ms="3615" status="PASS">
          <reporter-output>
          </reporter-output>
        </test-method> <!-- setUp -->
        <test-method signature="verifyWhatsNewPageTitleTest3()[pri:0, instance:com.testframework.qa.testcases.WhatsNewPageTest@7161d8d1]" started-at="2023-11-16T22:30:27 GMT-08:00" name="verifyWhatsNewPageTitleTest3" finished-at="2023-11-16T22:30:27 GMT-08:00" duration-ms="7" status="PASS">
          <reporter-output>
          </reporter-output>
        </test-method> <!-- verifyWhatsNewPageTitleTest3 -->
        <test-method is-config="true" signature="tearDown()[pri:0, instance:com.testframework.qa.testcases.WhatsNewPageTest@7161d8d1]" started-at="2023-11-16T22:30:27 GMT-08:00" name="tearDown" finished-at="2023-11-16T22:30:27 GMT-08:00" duration-ms="107" status="PASS">
          <reporter-output>
          </reporter-output>
        </test-method> <!-- tearDown -->
      </class> <!-- com.testframework.qa.testcases.WhatsNewPageTest -->
      <class name="com.testframework.qa.testcases.WomenPageTest">
        <test-method is-config="true" signature="setUp()[pri:0, instance:com.testframework.qa.testcases.WomenPageTest@74e28667]" started-at="2023-11-16T22:30:27 GMT-08:00" name="setUp" finished-at="2023-11-16T22:30:32 GMT-08:00" duration-ms="4601" status="PASS">
          <reporter-output>
          </reporter-output>
        </test-method> <!-- setUp -->
        <test-method signature="verifyWhatsNewPageTitleTest()[pri:0, instance:com.testframework.qa.testcases.WomenPageTest@74e28667]" started-at="2023-11-16T22:30:32 GMT-08:00" name="verifyWhatsNewPageTitleTest" finished-at="2023-11-16T22:30:32 GMT-08:00" duration-ms="30" status="PASS">
          <reporter-output>
          </reporter-output>
        </test-method> <!-- verifyWhatsNewPageTitleTest -->
        <test-method is-config="true" signature="tearDown()[pri:0, instance:com.testframework.qa.testcases.WomenPageTest@74e28667]" started-at="2023-11-16T22:30:32 GMT-08:00" name="tearDown" finished-at="2023-11-16T22:30:32 GMT-08:00" duration-ms="102" status="PASS">
          <reporter-output>
          </reporter-output>
        </test-method> <!-- tearDown -->
        <test-method is-config="true" signature="setUp()[pri:0, instance:com.testframework.qa.testcases.WomenPageTest@74e28667]" started-at="2023-11-16T22:30:32 GMT-08:00" name="setUp" finished-at="2023-11-16T22:30:35 GMT-08:00" duration-ms="3201" status="PASS">
          <reporter-output>
          </reporter-output>
        </test-method> <!-- setUp -->
        <test-method signature="verifyWhatsNewPageTitleTest2()[pri:0, instance:com.testframework.qa.testcases.WomenPageTest@74e28667]" started-at="2023-11-16T22:30:35 GMT-08:00" name="verifyWhatsNewPageTitleTest2" finished-at="2023-11-16T22:30:35 GMT-08:00" duration-ms="8" status="PASS">
          <reporter-output>
          </reporter-output>
        </test-method> <!-- verifyWhatsNewPageTitleTest2 -->
        <test-method is-config="true" signature="tearDown()[pri:0, instance:com.testframework.qa.testcases.WomenPageTest@74e28667]" started-at="2023-11-16T22:30:35 GMT-08:00" name="tearDown" finished-at="2023-11-16T22:30:35 GMT-08:00" duration-ms="96" status="PASS">
          <reporter-output>
          </reporter-output>
        </test-method> <!-- tearDown -->
        <test-method is-config="true" signature="setUp()[pri:0, instance:com.testframework.qa.testcases.WomenPageTest@74e28667]" started-at="2023-11-16T22:30:35 GMT-08:00" name="setUp" finished-at="2023-11-16T22:30:39 GMT-08:00" duration-ms="3819" status="PASS">
          <reporter-output>
          </reporter-output>
        </test-method> <!-- setUp -->
        <test-method signature="verifyWhatsNewPageTitleTest3()[pri:0, instance:com.testframework.qa.testcases.WomenPageTest@74e28667]" started-at="2023-11-16T22:30:39 GMT-08:00" name="verifyWhatsNewPageTitleTest3" finished-at="2023-11-16T22:30:39 GMT-08:00" duration-ms="30" status="PASS">
          <reporter-output>
          </reporter-output>
        </test-method> <!-- verifyWhatsNewPageTitleTest3 -->
        <test-method is-config="true" signature="tearDown()[pri:0, instance:com.testframework.qa.testcases.WomenPageTest@74e28667]" started-at="2023-11-16T22:30:39 GMT-08:00" name="tearDown" finished-at="2023-11-16T22:30:39 GMT-08:00" duration-ms="127" status="PASS">
          <reporter-output>
          </reporter-output>
        </test-method> <!-- tearDown -->
      </class> <!-- com.testframework.qa.testcases.WomenPageTest -->
      <class name="com.testframework.qa.testcases.MyAccountPageTest">
        <test-method is-config="true" signature="setUp()[pri:0, instance:com.testframework.qa.testcases.MyAccountPageTest@1e6a3214]" started-at="2023-11-16T22:30:12 GMT-08:00" name="setUp" finished-at="2023-11-16T22:30:16 GMT-08:00" duration-ms="3492" status="PASS">
          <reporter-output>
          </reporter-output>
        </test-method> <!-- setUp -->
        <test-method signature="verifyMyAccountPageTitleTest()[pri:0, instance:com.testframework.qa.testcases.MyAccountPageTest@1e6a3214]" started-at="2023-11-16T22:30:16 GMT-08:00" name="verifyMyAccountPageTitleTest" finished-at="2023-11-16T22:30:16 GMT-08:00" duration-ms="39" status="PASS">
          <reporter-output>
          </reporter-output>
        </test-method> <!-- verifyMyAccountPageTitleTest -->
        <test-method is-config="true" signature="tearDown()[pri:0, instance:com.testframework.qa.testcases.MyAccountPageTest@1e6a3214]" started-at="2023-11-16T22:30:16 GMT-08:00" name="tearDown" finished-at="2023-11-16T22:30:16 GMT-08:00" duration-ms="102" status="PASS">
          <reporter-output>
          </reporter-output>
        </test-method> <!-- tearDown -->
      </class> <!-- com.testframework.qa.testcases.MyAccountPageTest -->
    </test> <!-- Test1 -->
  </suite> <!-- Selenium Automation suite 1 -->
</testng-results>
