<?xml version="1.0" encoding="UTF-8"?>
<testng-results ignored="0" total="1" passed="1" failed="0" skipped="0">
  <reporter-output>
  </reporter-output>
  <suite started-at="2023-11-15T23:03:59 GMT-08:00" name="Default suite" finished-at="2023-11-15T23:04:02 GMT-08:00" duration-ms="3345">
    <groups>
    </groups>
    <test started-at="2023-11-15T23:03:59 GMT-08:00" name="Default test" finished-at="2023-11-15T23:04:02 GMT-08:00" duration-ms="3345">
      <class name="com.testframework.qa.testcases.MyAccountPageTest">
        <test-method is-config="true" signature="setUp()[pri:0, instance:com.testframework.qa.testcases.MyAccountPageTest@793f29ff]" started-at="2023-11-15T23:03:59 GMT-08:00" name="setUp" finished-at="2023-11-15T23:04:02 GMT-08:00" duration-ms="3188" status="PASS">
          <reporter-output>
          </reporter-output>
        </test-method> <!-- setUp -->
        <test-method signature="verifyMyAccountPageTitleTest()[pri:0, instance:com.testframework.qa.testcases.MyAccountPageTest@793f29ff]" started-at="2023-11-15T23:04:02 GMT-08:00" name="verifyMyAccountPageTitleTest" finished-at="2023-11-15T23:04:02 GMT-08:00" duration-ms="38" status="PASS">
          <reporter-output>
          </reporter-output>
        </test-method> <!-- verifyMyAccountPageTitleTest -->
        <test-method is-config="true" signature="tearDown()[pri:0, instance:com.testframework.qa.testcases.MyAccountPageTest@793f29ff]" started-at="2023-11-15T23:04:02 GMT-08:00" name="tearDown" finished-at="2023-11-15T23:04:02 GMT-08:00" duration-ms="92" status="PASS">
          <reporter-output>
          </reporter-output>
        </test-method> <!-- tearDown -->
      </class> <!-- com.testframework.qa.testcases.MyAccountPageTest -->
    </test> <!-- Default test -->
  </suite> <!-- Default suite -->
</testng-results>
